<?xml version="1.0" encoding="UTF-8"?>
<!-- Generated by org.testng.reporters.JUnitReportReporter -->
<testsuite hostname="DESKTOP-ID2GCVD" failures="0" tests="2" name="com.testng.org.Timeouts_Test" time="5.027" errors="0" timestamp="2022-02-26T09:27:29 PST" skipped="0">
  <testcase classname="com.testng.org.Timeouts_Test" name="logout" time="5.012"/>
  <system-out/>
  <testcase classname="com.testng.org.Timeouts_Test" name="login" time="0.015"/>
  <system-out/>
</testsuite> <!-- com.testng.org.Timeouts_Test -->
