<?xml version="1.0" encoding="UTF-8"?>
<!-- Generated by org.testng.reporters.JUnitReportReporter -->
<testsuite hostname="DESKTOP-ID2GCVD" failures="0" tests="3" name="com.testng.org.Ignore_Test" time="0.019" errors="0" timestamp="2022-02-25T21:44:05 PST" skipped="1">
  <testcase classname="com.testng.org.Ignore_Test" name="iphone" time="0.016"/>
  <system-out/>
  <testcase classname="com.testng.org.Ignore_Test" name="lapTop" time="0.003"/>
  <system-out/>
  <testcase classname="com.testng.org.Ignore_Test" name="shoes">
    <skipped/>
  </testcase> <!-- shoes -->
  <system-out/>
</testsuite> <!-- com.testng.org.Ignore_Test -->
