<?xml version="1.0" encoding="UTF-8"?>
<!-- Generated by org.testng.reporters.JUnitReportReporter -->
<testsuite hostname="DESKTOP-ID2GCVD" failures="0" tests="2" name="com.testng.org.Data_Provider" time="0.018" errors="0" timestamp="2022-03-07T00:01:35 PST" skipped="0">
  <testcase classname="com.testng.org.Data_Provider" name="testData" time="0.015"/>
  <system-out/>
  <testcase classname="com.testng.org.Data_Provider" name="testData" time="0.003"/>
  <system-out/>
</testsuite> <!-- com.testng.org.Data_Provider -->
