<?xml version="1.0" encoding="UTF-8"?>
<!-- Generated by org.testng.reporters.JUnitReportReporter -->
<testsuite hostname="DESKTOP-ID2GCVD" failures="0" tests="3" name="com.testng.org.Dependency_Test" time="0.021" errors="0" timestamp="2022-02-27T09:20:59 PST" skipped="0">
  <testcase classname="com.testng.org.Dependency_Test" name="logOut" time="0.003"/>
  <system-out/>
  <testcase classname="com.testng.org.Dependency_Test" name="openBrowser" time="0.013"/>
  <system-out/>
  <testcase classname="com.testng.org.Dependency_Test" name="signIn" time="0.005"/>
  <system-out/>
</testsuite> <!-- com.testng.org.Dependency_Test -->
