<?xml version="1.0" encoding="UTF-8"?>
<!-- Generated by org.testng.reporters.JUnitReportReporter -->
<testsuite hostname="DESKTOP-ID2GCVD" failures="0" tests="4" name="com.testng.org.Group_Of_Grouping" time="0.020" errors="0" timestamp="2022-02-26T09:13:48 PST" skipped="0">
  <testcase classname="com.testng.org.Group_Of_Grouping" name="bankAccountnumber" time="0.014"/>
  <system-out/>
  <testcase classname="com.testng.org.Group_Of_Grouping" name="personalAddress" time="0.002"/>
  <system-out/>
  <testcase classname="com.testng.org.Group_Of_Grouping" name="personalNumber" time="0.002"/>
  <system-out/>
  <testcase classname="com.testng.org.Group_Of_Grouping" name="bankName" time="0.002"/>
  <system-out/>
</testsuite> <!-- com.testng.org.Group_Of_Grouping -->
