<?xml version="1.0" encoding="UTF-8"?>
<!-- Generated by org.testng.reporters.JUnitReportReporter -->
<testsuite hostname="DESKTOP-ID2GCVD" failures="0" tests="3" name="com.testng.org.Dependency_Groups" time="0.023" errors="0" timestamp="2022-02-27T09:30:43 PST" skipped="0">
  <testcase classname="com.testng.org.Dependency_Groups" name="logOut" time="0.014"/>
  <system-out/>
  <testcase classname="com.testng.org.Dependency_Groups" name="openBrowser" time="0.003"/>
  <system-out/>
  <testcase classname="com.testng.org.Dependency_Groups" name="viewAccount" time="0.006"/>
  <system-out/>
</testsuite> <!-- com.testng.org.Dependency_Groups -->
