<?xml version="1.0" encoding="UTF-8"?>
<!-- Generated by org.testng.reporters.JUnitReportReporter -->
<testsuite hostname="DESKTOP-ID2GCVD" failures="0" tests="4" name="com.testng.org.Groupin_Test" time="0.023" errors="0" timestamp="2022-02-26T09:06:06 PST" skipped="0">
  <testcase classname="com.testng.org.Groupin_Test" name="employeeName" time="0.003"/>
  <system-out/>
  <testcase classname="com.testng.org.Groupin_Test" name="employeeId" time="0.014"/>
  <system-out/>
  <testcase classname="com.testng.org.Groupin_Test" name="personalAddress" time="0.002"/>
  <system-out/>
  <testcase classname="com.testng.org.Groupin_Test" name="personalNumber" time="0.004"/>
  <system-out/>
</testsuite> <!-- com.testng.org.Groupin_Test -->
