<?xml version="1.0" encoding="UTF-8"?>
<!-- Generated by org.testng.reporters.JUnitReportReporter -->
<testsuite hostname="DESKTOP-ID2GCVD" failures="0" tests="10" name="com.testng.org.Invocation_Test" time="0.061" errors="0" timestamp="2022-02-27T09:14:11 PST" skipped="0">
  <testcase classname="com.testng.org.Invocation_Test" name="shoes" time="0.003"/>
  <system-out/>
  <testcase classname="com.testng.org.Invocation_Test" name="watch" time="0.004"/>
  <system-out/>
  <testcase classname="com.testng.org.Invocation_Test" name="lapTop" time="0.005"/>
  <system-out/>
  <testcase classname="com.testng.org.Invocation_Test" name="bat" time="0.019"/>
  <system-out/>
  <testcase classname="com.testng.org.Invocation_Test" name="football" time="0.003"/>
  <system-out/>
  <testcase classname="com.testng.org.Invocation_Test" name="lapTop" time="0.003"/>
  <system-out/>
  <testcase classname="com.testng.org.Invocation_Test" name="lapTop" time="0.004"/>
  <system-out/>
  <testcase classname="com.testng.org.Invocation_Test" name="lapTop" time="0.014"/>
  <system-out/>
  <testcase classname="com.testng.org.Invocation_Test" name="lapTop" time="0.003"/>
  <system-out/>
  <testcase classname="com.testng.org.Invocation_Test" name="iphone" time="0.003"/>
  <system-out/>
</testsuite> <!-- com.testng.org.Invocation_Test -->
