<?xml version="1.0" encoding="UTF-8"?>
<!-- Generated by org.testng.reporters.JUnitReportReporter -->
<testsuite hostname="DESKTOP-ID2GCVD" failures="0" tests="6" name="com.testng.org.Priority_Test" time="0.030" errors="0" timestamp="2022-02-26T08:42:19 PST" skipped="0">
  <testcase classname="com.testng.org.Priority_Test" name="shoes" time="0.017"/>
  <system-out/>
  <testcase classname="com.testng.org.Priority_Test" name="lapTop" time="0.003"/>
  <system-out/>
  <testcase classname="com.testng.org.Priority_Test" name="bat" time="0.002"/>
  <system-out/>
  <testcase classname="com.testng.org.Priority_Test" name="watch" time="0.003"/>
  <system-out/>
  <testcase classname="com.testng.org.Priority_Test" name="iphone" time="0.002"/>
  <system-out/>
  <testcase classname="com.testng.org.Priority_Test" name="football" time="0.003"/>
  <system-out/>
</testsuite> <!-- com.testng.org.Priority_Test -->
