<?xml version="1.0" encoding="UTF-8"?>
<!-- Generated by org.testng.reporters.JUnitReportReporter -->
<testsuite hostname="DESKTOP-ID2GCVD" failures="0" tests="1" name="com.testng.org.Parameterised_Test" time="0.020" errors="0" timestamp="2022-03-06T09:02:11 PST" skipped="0">
  <testcase classname="com.testng.org.Parameterised_Test" name="testData" time="0.020"/>
  <system-out/>
</testsuite> <!-- com.testng.org.Parameterised_Test -->
