<?xml version="1.0" encoding="UTF-8"?>
<!-- Generated by org.testng.reporters.JUnitReportReporter -->
<testsuite hostname="DESKTOP-ID2GCVD" failures="0" tests="2" name="com.testng.org.Parallel_Test" time="121.975" errors="0" timestamp="2022-02-27T19:52:15 PST" skipped="0">
  <testcase classname="com.testng.org.Parallel_Test" name="amazon" time="58.526"/>
  <system-out/>
  <testcase classname="com.testng.org.Parallel_Test" name="flipkart" time="63.449"/>
  <system-out/>
</testsuite> <!-- com.testng.org.Parallel_Test -->
