<?xml version="1.0" encoding="UTF-8"?>
<!-- Generated by org.testng.reporters.JUnitReportReporter -->
<testsuite hostname="DESKTOP-ID2GCVD" failures="0" tests="3" name="com.testng.org.Simple_Annotation" time="0.017" errors="0" timestamp="2022-02-25T08:15:32 PST" skipped="0">
  <testcase classname="com.testng.org.Simple_Annotation" name="watch" time="0.004"/>
  <system-out/>
  <testcase classname="com.testng.org.Simple_Annotation" name="bat" time="0.010"/>
  <system-out/>
  <testcase classname="com.testng.org.Simple_Annotation" name="shoes" time="0.003"/>
  <system-out/>
</testsuite> <!-- com.testng.org.Simple_Annotation -->
